Build started 4/10/2014 10:24:35 AM.
     1>Project "C:\Users\svc-student\Downloads\InClassExercise09VS2012\InClassExercise09VS2012\InClassExercise09ProjectVS2012\InClassExercise09ProjectVS2012\InClassExercise09ProjectVS2012.vcxproj" on node 2 (Build target(s)).
     1>ClCompile:
         C:\Program Files (x86)\Microsoft Visual Studio 11.0\VC\bin\CL.exe /c /ZI /nologo /W3 /WX- /Od /Oy- /D WIN32 /D _DEBUG /D _CONSOLE /D _UNICODE /D UNICODE /Gm /EHsc /RTC1 /MDd /GS /fp:precise /Zc:wchar_t /Zc:forScope /Fo"Debug\\" /Fd"Debug\vc110.pdb" /Gd /TP /analyze- /errorReport:prompt ..\..\circle.cpp ..\..\cylinder.cpp ..\..\ex09Driver.cpp ..\..\point.cpp ..\..\rectangle.cpp ..\..\shape.cpp
         shape.cpp
     1>c:\users\svc-student\downloads\inclassexercise09vs2012\inclassexercise09vs2012\shape.cpp(5): warning C4244: 'initializing' : conversion from 'time_t' to 'int', possible loss of data
         rectangle.cpp
         point.cpp
         ex09Driver.cpp
         cylinder.cpp
         circle.cpp
         Generating Code...
       Link:
         C:\Program Files (x86)\Microsoft Visual Studio 11.0\VC\bin\link.exe /ERRORREPORT:PROMPT /OUT:"C:\Users\svc-student\Downloads\InClassExercise09VS2012\InClassExercise09VS2012\InClassExercise09ProjectVS2012\Debug\InClassExercise09ProjectVS2012.exe" /INCREMENTAL /NOLOGO kernel32.lib user32.lib gdi32.lib winspool.lib comdlg32.lib advapi32.lib shell32.lib ole32.lib oleaut32.lib uuid.lib odbc32.lib odbccp32.lib /MANIFEST /MANIFESTUAC:"level='asInvoker' uiAccess='false'" /manifest:embed /DEBUG /PDB:"C:\Users\svc-student\Downloads\InClassExercise09VS2012\InClassExercise09VS2012\InClassExercise09ProjectVS2012\Debug\InClassExercise09ProjectVS2012.pdb" /SUBSYSTEM:CONSOLE /TLBID:1 /DYNAMICBASE /NXCOMPAT /IMPLIB:"C:\Users\svc-student\Downloads\InClassExercise09VS2012\InClassExercise09VS2012\InClassExercise09ProjectVS2012\Debug\InClassExercise09ProjectVS2012.lib" /MACHINE:X86 Debug\circle.obj
         Debug\cylinder.obj
         Debug\ex09Driver.obj
         Debug\point.obj
         Debug\rectangle.obj
         Debug\shape.obj
         InClassExercise09ProjectVS2012.vcxproj -> C:\Users\svc-student\Downloads\InClassExercise09VS2012\InClassExercise09VS2012\InClassExercise09ProjectVS2012\Debug\InClassExercise09ProjectVS2012.exe
     1>Done Building Project "C:\Users\svc-student\Downloads\InClassExercise09VS2012\InClassExercise09VS2012\InClassExercise09ProjectVS2012\InClassExercise09ProjectVS2012\InClassExercise09ProjectVS2012.vcxproj" (Build target(s)).

Build succeeded.

Time Elapsed 00:00:02.93
