Build started 3/25/2014 1:37:01 PM.
     1>Project "c:\Users\svc-student\documents\visual studio 2012\Projects\Exercise 5\Exercise 5\Exercise 5.vcxproj" on node 2 (Build target(s)).
     1>ClCompile:
         C:\Program Files (x86)\Microsoft Visual Studio 11.0\VC\bin\CL.exe /c /ZI /nologo /W3 /WX- /Od /Oy- /D WIN32 /D _DEBUG /D _CONSOLE /D _UNICODE /D UNICODE /Gm /EHsc /RTC1 /MDd /GS /fp:precise /Zc:wchar_t /Zc:forScope /Fo"Debug\\" /Fd"Debug\vc110.pdb" /Gd /TP /analyze- /errorReport:prompt exer05driver.cpp person.cpp
         person.cpp
     1>c:\users\svc-student\documents\visual studio 2012\projects\exercise 5\exercise 5\person.cpp(7): warning C4996: 'strcpy': This function or variable may be unsafe. Consider using strcpy_s instead. To disable deprecation, use _CRT_SECURE_NO_WARNINGS. See online help for details.
                 c:\program files (x86)\microsoft visual studio 11.0\vc\include\string.h(110) : see declaration of 'strcpy'
     1>c:\users\svc-student\documents\visual studio 2012\projects\exercise 5\exercise 5\person.cpp(13): warning C4996: 'strcpy': This function or variable may be unsafe. Consider using strcpy_s instead. To disable deprecation, use _CRT_SECURE_NO_WARNINGS. See online help for details.
                 c:\program files (x86)\microsoft visual studio 11.0\vc\include\string.h(110) : see declaration of 'strcpy'
     1>c:\users\svc-student\documents\visual studio 2012\projects\exercise 5\exercise 5\person.cpp(19): warning C4996: 'strcpy': This function or variable may be unsafe. Consider using strcpy_s instead. To disable deprecation, use _CRT_SECURE_NO_WARNINGS. See online help for details.
                 c:\program files (x86)\microsoft visual studio 11.0\vc\include\string.h(110) : see declaration of 'strcpy'
     1>c:\users\svc-student\documents\visual studio 2012\projects\exercise 5\exercise 5\person.cpp(54): warning C4996: 'strcpy': This function or variable may be unsafe. Consider using strcpy_s instead. To disable deprecation, use _CRT_SECURE_NO_WARNINGS. See online help for details.
                 c:\program files (x86)\microsoft visual studio 11.0\vc\include\string.h(110) : see declaration of 'strcpy'
     1>c:\users\svc-student\documents\visual studio 2012\projects\exercise 5\exercise 5\person.cpp(77): warning C4996: 'strcpy': This function or variable may be unsafe. Consider using strcpy_s instead. To disable deprecation, use _CRT_SECURE_NO_WARNINGS. See online help for details.
                 c:\program files (x86)\microsoft visual studio 11.0\vc\include\string.h(110) : see declaration of 'strcpy'
         exer05driver.cpp
         Generating Code...
       Link:
         C:\Program Files (x86)\Microsoft Visual Studio 11.0\VC\bin\link.exe /ERRORREPORT:PROMPT /OUT:"c:\users\svc-student\documents\visual studio 2012\Projects\Exercise 5\Debug\Exercise 5.exe" /INCREMENTAL /NOLOGO kernel32.lib user32.lib gdi32.lib winspool.lib comdlg32.lib advapi32.lib shell32.lib ole32.lib oleaut32.lib uuid.lib odbc32.lib odbccp32.lib /MANIFEST /MANIFESTUAC:"level='asInvoker' uiAccess='false'" /manifest:embed /DEBUG /PDB:"c:\users\svc-student\documents\visual studio 2012\Projects\Exercise 5\Debug\Exercise 5.pdb" /SUBSYSTEM:CONSOLE /TLBID:1 /DYNAMICBASE /NXCOMPAT /IMPLIB:"c:\users\svc-student\documents\visual studio 2012\Projects\Exercise 5\Debug\Exercise 5.lib" /MACHINE:X86 Debug\exer05driver.obj
         Debug\person.obj
         Exercise 5.vcxproj -> c:\users\svc-student\documents\visual studio 2012\Projects\Exercise 5\Debug\Exercise 5.exe
     1>Done Building Project "c:\Users\svc-student\documents\visual studio 2012\Projects\Exercise 5\Exercise 5\Exercise 5.vcxproj" (Build target(s)).

Build succeeded.

Time Elapsed 00:00:04.15
